info it worked if it ends with ok
verbose cli [ 'node', '/usr/bin/npm', 'install', 'node-trello' ]
info using npm@1.1.4
info using node@v0.6.12
verbose config file /u3/odlgrant/.npmrc
verbose config file /usr/etc/npmrc
verbose config file /usr/share/npm/npmrc
verbose cache add [ 'node-trello', null ]
silly cache add: name, spec, args [ undefined, 'node-trello', [ 'node-trello', null ] ]
verbose parsed url { pathname: 'node-trello',
verbose parsed url   path: 'node-trello',
verbose parsed url   href: 'node-trello' }
verbose addNamed [ 'node-trello', '' ]
verbose addNamed [ null, '' ]
silly name, range, hasData [ 'node-trello', '', false ]
verbose raw, before any munging node-trello
verbose url resolving [ 'https://registry.npmjs.org/', './node-trello' ]
verbose url resolved https://registry.npmjs.org/node-trello
http GET https://registry.npmjs.org/node-trello
ERR! Error: failed to fetch from registry: node-trello
ERR!     at /usr/share/npm/lib/utils/npm-registry-client/get.js:139:12
ERR!     at cb (/usr/share/npm/lib/utils/npm-registry-client/request.js:31:9)
ERR!     at Request._callback (/usr/share/npm/lib/utils/npm-registry-client/request.js:136:18)
ERR!     at Request.callback (/usr/lib/nodejs/request/main.js:119:22)
ERR!     at Request.<anonymous> (/usr/lib/nodejs/request/main.js:212:58)
ERR!     at Request.emit (events.js:88:20)
ERR!     at ClientRequest.<anonymous> (/usr/lib/nodejs/request/main.js:412:12)
ERR!     at ClientRequest.emit (events.js:67:17)
ERR!     at HTTPParser.onIncoming (http.js:1261:11)
ERR!     at HTTPParser.onHeadersComplete (http.js:102:31)
ERR! You may report this log at:
ERR!     <http://bugs.debian.org/npm>
ERR! or use
ERR!     reportbug --attach /home/odlgrant/Documents/PracticeCode/npm-debug.log npm
ERR! 
ERR! System Linux 3.2.0-68-generic
ERR! command "node" "/usr/bin/npm" "install" "node-trello"
ERR! cwd /home/odlgrant/Documents/PracticeCode
ERR! node -v v0.6.12
ERR! npm -v 1.1.4
ERR! message failed to fetch from registry: node-trello
verbose exit [ 1, true ]
